   
5 253 0 
5 254 1 
9 253 253 254
8 253 127 
5 254 0 
5 253 1 
9 253 253 254
8 253 127 
5 254 0 
5 253 1 
B 253 253 254
8 253 127 
5 254 0 
5 253 1 
A 253 253 254
8 253 127 
8 253 127 
8 253 127 
8 253 127 
5 254 0 
6 253 10 
B 253 253 254
8 253 26 
7 38  
5 254 0 
6 253 10 
9 253 253 254
8 253 31 
7 38  
8 253 33 
7 38  
5 254 0 
5 253 1 
A 253 253 254
8 253 38 
7 38  
8 253 78 
5 1 1 
5 254 0 
6 253 1 
1 253 254 253
5 0 253 
6 253 1 
5 3 253 
6 253 10 
E 3 253 
5 254 0 
6 253 10 
9 253 253 254
8 253 75 
6 253 0 
5 2 253 
6 253 1 
5 3 253 
5 254 8 
5 253 5 
1 253 254 253
D 254 2 
1 254 253 254
D 253 2 
1 253 254 253
6 254 2 
1 254 253 254
6 253 3 
1 253 254 253
6 254 5 
1 254 253 254
D 253 3 
1 253 254 253
5 0 253 
7 49  
7 21  
5 254 0 
6 253 10 
B 253 253 254
8 253 95 
5 254 0 
6 253 10 
9 253 253 254
8 253 95 
8 253 95 
5 254 0 
5 253 1 
A 253 253 254
8 253 95 
8 253 95 
6 0 2 
7 79  
5 254 0 
6 253 10 
B 253 253 254
8 253 124 
5 254 0 
6 253 10 
9 253 253 254
8 253 124 
8 253 124 
6 0 3 
5 254 0 
6 253 10 
B 253 253 254
8 253 111 
7 117  
5 254 0 
6 253 10 
9 253 253 254
8 253 116 
7 117  
8 253 120 
6 253 1 
5 2 253 
7 120  
D 254 2 
C 254  
7 96  
7 1  
R
