mov [97], eax
mov [a], 1

------------ ------ ---------- 
Name         Type       Position
------------ ------ ---------- 
a            0       97     
b            0       98     
0temp1       0       115    
0temp2       0       116    

Label Table :
----------------------------------------------------- 
 Instruction | param1 | param2 | param 3 | comments |
----------------------------------------------------- 
 B              @X           10           10           ; 
 JMF            10                                     ; 
 5              115          1                         ; 
 1              97           97           115          ; 
 5              97           97                        ; 
 9              @X           10           10           ; 
 JMF            9                                      ; 
 6              97           1                         ; 
 JMP            5                                      ; 
 JMP            0                                      ; 
Number of lines : 11
