mov [a], 1
mov [a], 12
mov [a], 123
mov [a], 1234
mov [a], 12345
mov [a], 123456
mov [a], 6
mov [a], 17
mov [a], 0
mov [a], [b]
mov [a], [b]
mov [a], [b]

------------ ------ ---------- 
Name         Type       Position
------------ ------ ---------- 
a            0       97     
b            0       98     
0temp1       0       115    
0temp2       0       116    

Label Table :
----------------------------------------------------- 
 Instruction | param1 | param2 | param 3 | comments |
----------------------------------------------------- 
 MOV            eax          [a]                       ; 
 MOV            ebx          [b]                       ; 
 CMP            eax          ebx                       ; 
 JLE            if_lbl_0                               ; 
 MOV            eax          [a]                       ; 
 MOV            ebx          [b]                       ; 
 CMP            eax          ebx                       ; 
 JLE            if_lbl_0                               ; 
 MOV            eax          [a]                       ; 
 MOV            ebx          [b]                       ; 
 CMP            eax          ebx                       ; 
 JLE            if_lbl_0                               ; 
 MOV            eax          [a]                       ; 
 MOV            ebx          [b]                       ; 
 CMP            eax          ebx                       ; 
 JG             if_lbl_0                               ; 
 JMP            else_lbl_0                             ; 
 JG             if_lbl_0                               ; 
 JMP            else_lbl_0                             ; 
 JG             if_lbl_0                               ; 
 JMP            else_lbl_0                             ; 
 JG             if_lbl_0                               ; 
 JMP            else_lbl_0                             ; 
 if_lbl_0:                                             ; 
 mov            eax          1                         ; 
 mov            [a]          eax                       ; 
 mov            eax          12                        ; 
 mov            [a]          eax                       ; 
 mov            eax          123                       ; 
 mov            [a]          eax                       ; 
 mov            eax          1234                      ; 
 mov            [a]          eax                       ; 
 mov            eax          12345                     ; 
 mov            [a]          eax                       ; 
 mov            eax          123456                    ; 
 mov            [a]          eax                       ; 
 JMP            else_lbl_0_ignr                           ; 
 else_lbl_0:                                           ; 
 mov            eax          6                         ; 
 mov            [a]          eax                       ; 
 mov            eax          17                        ; 
 mov            [a]          eax                       ; 
 MOV            eax          [a]                       ; 
 MOV            ebx          [b]                       ; 
 CMP            eax          ebx                       ; 
 JNE            if_lbl_1                               ; 
 MOV            eax          [a]                       ; 
 MOV            ebx          [b]                       ; 
 CMP            eax          ebx                       ; 
 JGE            if_lbl_1                               ; 
 JMP            else_lbl_1                             ; 
 JGE            if_lbl_1                               ; 
 JMP            else_lbl_1                             ; 
 if_lbl_1:                                             ; 
 mov            eax          0                         ; 
 mov            [a]          eax                       ; 
 JMP            else_lbl_1_ignr                           ; 
 else_lbl_1:                                           ; 
 mov            eax          [b]                       ; 
 mov            [a]          eax                       ; 
 else_lbl_1_ignr:                                        ; 
 MOV            eax          [a]                       ; 
 MOV            ebx          [b]                       ; 
 CMP            eax          ebx                       ; 
 JE             if_lbl_2                               ; 
 JMP            else_lbl_2                             ; 
 if_lbl_2:                                             ; 
 mov            eax          [b]                       ; 
 mov            [a]          eax                       ; 
 JMP            else_lbl_2_ignr                           ; 
 else_lbl_2:                                           ; 
 mov            eax          [b]                       ; 
 mov            [a]          eax                       ; 
 else_lbl_2_ignr:                                        ; 
 else_lbl_0_ignr:                                        ; 
Number of lines : 76
